[18:50:10] [main/INFO] [FML/]: Forge Mod Loader version 7.10.85.1240 for Minecraft 1.7.10 loading
[18:50:11] [main/INFO] [FML/]: Java is Java HotSpot(TM) 64-Bit Server VM, version 1.8.0_25, running on Windows 8.1:amd64:6.3, installed at C:\Program Files\Java\jre1.8.0_25
[18:50:11] [main/INFO] [FML/]: [AppEng] Core Init
[18:50:12] [main/INFO] [STDOUT/]: [codechicken.core.launch.DepLoader$DepLoadInst:download:342]: Download complete
[18:50:15] [main/INFO] [FML/]: Loading tweaker net.minecraftforge.lex.legacyjavafixer.LegacyJavaFixer from LegacyJavaFixer-1.0.jar
[18:50:15] [main/INFO] [STDERR/]: [java.lang.Throwable$WrappedPrintStream:println:-1]: java.lang.NoClassDefFoundError: net/minecraftforge/fml/relauncher/IFMLLoadingPlugin
[18:50:15] [main/INFO] [STDERR/]: [java.lang.Throwable$WrappedPrintStream:println:-1]: 	at java.lang.ClassLoader.defineClass1(Native Method)
[18:50:15] [main/INFO] [STDERR/]: [java.lang.Throwable$WrappedPrintStream:println:-1]: 	at java.lang.ClassLoader.defineClass(Unknown Source)
[18:50:15] [main/INFO] [STDERR/]: [java.lang.Throwable$WrappedPrintStream:println:-1]: 	at java.security.SecureClassLoader.defineClass(Unknown Source)
[18:50:15] [main/INFO] [STDERR/]: [java.lang.Throwable$WrappedPrintStream:println:-1]: 	at java.net.URLClassLoader.defineClass(Unknown Source)
[18:50:15] [main/INFO] [STDERR/]: [java.lang.Throwable$WrappedPrintStream:println:-1]: 	at java.net.URLClassLoader.access$100(Unknown Source)
[18:50:15] [main/INFO] [STDERR/]: [java.lang.Throwable$WrappedPrintStream:println:-1]: 	at java.net.URLClassLoader$1.run(Unknown Source)
[18:50:15] [main/INFO] [STDERR/]: [java.lang.Throwable$WrappedPrintStream:println:-1]: 	at java.net.URLClassLoader$1.run(Unknown Source)
[18:50:15] [main/INFO] [STDERR/]: [java.lang.Throwable$WrappedPrintStream:println:-1]: 	at java.security.AccessController.doPrivileged(Native Method)
[18:50:15] [main/INFO] [STDERR/]: [java.lang.Throwable$WrappedPrintStream:println:-1]: 	at java.net.URLClassLoader.findClass(Unknown Source)
[18:50:15] [main/INFO] [STDERR/]: [java.lang.Throwable$WrappedPrintStream:println:-1]: 	at net.minecraft.launchwrapper.LaunchClassLoader.findClass(LaunchClassLoader.java:117)
[18:50:15] [main/INFO] [STDERR/]: [java.lang.Throwable$WrappedPrintStream:println:-1]: 	at java.lang.ClassLoader.loadClass(Unknown Source)
[18:50:15] [main/INFO] [STDERR/]: [java.lang.Throwable$WrappedPrintStream:println:-1]: 	at java.lang.ClassLoader.loadClass(Unknown Source)
[18:50:15] [main/INFO] [STDERR/]: [java.lang.Throwable$WrappedPrintStream:println:-1]: 	at java.lang.Class.forName0(Native Method)
[18:50:15] [main/INFO] [STDERR/]: [java.lang.Throwable$WrappedPrintStream:println:-1]: 	at java.lang.Class.forName(Unknown Source)
[18:50:15] [main/INFO] [STDERR/]: [java.lang.Throwable$WrappedPrintStream:println:-1]: 	at cpw.mods.fml.relauncher.CoreModManager.loadCoreMod(CoreModManager.java:430)
[18:50:15] [main/INFO] [STDERR/]: [java.lang.Throwable$WrappedPrintStream:println:-1]: 	at cpw.mods.fml.relauncher.CoreModManager.discoverCoreMods(CoreModManager.java:359)
[18:50:15] [main/INFO] [STDERR/]: [java.lang.Throwable$WrappedPrintStream:println:-1]: 	at cpw.mods.fml.relauncher.CoreModManager.handleLaunch(CoreModManager.java:217)
[18:50:15] [main/INFO] [STDERR/]: [java.lang.Throwable$WrappedPrintStream:println:-1]: 	at cpw.mods.fml.relauncher.FMLLaunchHandler.setupHome(FMLLaunchHandler.java:90)
[18:50:15] [main/INFO] [STDERR/]: [java.lang.Throwable$WrappedPrintStream:println:-1]: 	at cpw.mods.fml.relauncher.FMLLaunchHandler.setupServer(FMLLaunchHandler.java:74)
[18:50:15] [main/INFO] [STDERR/]: [java.lang.Throwable$WrappedPrintStream:println:-1]: 	at cpw.mods.fml.relauncher.FMLLaunchHandler.configureForServerLaunch(FMLLaunchHandler.java:39)
[18:50:15] [main/INFO] [STDERR/]: [java.lang.Throwable$WrappedPrintStream:println:-1]: 	at cpw.mods.fml.common.launcher.FMLServerTweaker.injectIntoClassLoader(FMLServerTweaker.java:23)
[18:50:15] [main/INFO] [STDERR/]: [java.lang.Throwable$WrappedPrintStream:println:-1]: 	at net.minecraft.launchwrapper.Launch.launch(Launch.java:115)
[18:50:15] [main/INFO] [STDERR/]: [java.lang.Throwable$WrappedPrintStream:println:-1]: 	at net.minecraft.launchwrapper.Launch.main(Launch.java:28)
[18:50:15] [main/INFO] [STDERR/]: [java.lang.Throwable$WrappedPrintStream:println:-1]: 	at sun.reflect.NativeMethodAccessorImpl.invoke0(Native Method)
[18:50:15] [main/INFO] [STDERR/]: [java.lang.Throwable$WrappedPrintStream:println:-1]: 	at sun.reflect.NativeMethodAccessorImpl.invoke(Unknown Source)
[18:50:15] [main/INFO] [STDERR/]: [java.lang.Throwable$WrappedPrintStream:println:-1]: 	at sun.reflect.DelegatingMethodAccessorImpl.invoke(Unknown Source)
[18:50:15] [main/INFO] [STDERR/]: [java.lang.Throwable$WrappedPrintStream:println:-1]: 	at java.lang.reflect.Method.invoke(Unknown Source)
[18:50:15] [main/INFO] [STDERR/]: [java.lang.Throwable$WrappedPrintStream:println:-1]: 	at cpw.mods.fml.relauncher.ServerLaunchWrapper.run(ServerLaunchWrapper.java:43)
[18:50:15] [main/INFO] [STDERR/]: [java.lang.Throwable$WrappedPrintStream:println:-1]: 	at cpw.mods.fml.relauncher.ServerLaunchWrapper.main(ServerLaunchWrapper.java:12)
[18:50:15] [main/INFO] [STDERR/]: [java.lang.Throwable$WrappedPrintStream:println:-1]: Caused by: java.lang.ClassNotFoundException: net.minecraftforge.fml.relauncher.IFMLLoadingPlugin
[18:50:15] [main/INFO] [STDERR/]: [java.lang.Throwable$WrappedPrintStream:println:-1]: 	at net.minecraft.launchwrapper.LaunchClassLoader.findClass(LaunchClassLoader.java:191)
[18:50:15] [main/INFO] [STDERR/]: [java.lang.Throwable$WrappedPrintStream:println:-1]: 	at java.lang.ClassLoader.loadClass(Unknown Source)
[18:50:15] [main/INFO] [STDERR/]: [java.lang.Throwable$WrappedPrintStream:println:-1]: 	at java.lang.ClassLoader.loadClass(Unknown Source)
[18:50:15] [main/INFO] [STDERR/]: [java.lang.Throwable$WrappedPrintStream:println:-1]: 	... 29 more
[18:50:15] [main/INFO] [STDERR/]: [java.lang.Throwable$WrappedPrintStream:println:-1]: Caused by: java.lang.NullPointerException
[18:50:15] [main/INFO] [STDERR/]: [java.lang.Throwable$WrappedPrintStream:println:-1]: 	at net.minecraft.launchwrapper.LaunchClassLoader.findClass(LaunchClassLoader.java:182)
[18:50:15] [main/INFO] [STDERR/]: [java.lang.Throwable$WrappedPrintStream:println:-1]: 	... 31 more
[18:50:15] [main/ERROR] [FML/]: An error occurred trying to configure the minecraft home at C:\Users\TheVovk0\Documents\GitHub\Server\. for Forge Mod Loader
java.lang.NoClassDefFoundError: net/minecraftforge/fml/relauncher/IFMLLoadingPlugin
	at java.lang.ClassLoader.defineClass1(Native Method) ~[?:1.8.0_25]
	at java.lang.ClassLoader.defineClass(Unknown Source) ~[?:1.8.0_25]
	at java.security.SecureClassLoader.defineClass(Unknown Source) ~[?:1.8.0_25]
	at java.net.URLClassLoader.defineClass(Unknown Source) ~[?:1.8.0_25]
	at java.net.URLClassLoader.access$100(Unknown Source) ~[?:1.8.0_25]
	at java.net.URLClassLoader$1.run(Unknown Source) ~[?:1.8.0_25]
	at java.net.URLClassLoader$1.run(Unknown Source) ~[?:1.8.0_25]
	at java.security.AccessController.doPrivileged(Native Method) ~[?:1.8.0_25]
	at java.net.URLClassLoader.findClass(Unknown Source) ~[?:1.8.0_25]
	at net.minecraft.launchwrapper.LaunchClassLoader.findClass(LaunchClassLoader.java:117) ~[launchwrapper-1.11.jar:?]
	at java.lang.ClassLoader.loadClass(Unknown Source) ~[?:1.8.0_25]
	at java.lang.ClassLoader.loadClass(Unknown Source) ~[?:1.8.0_25]
	at java.lang.Class.forName0(Native Method) ~[?:1.8.0_25]
	at java.lang.Class.forName(Unknown Source) ~[?:1.8.0_25]
	at cpw.mods.fml.relauncher.CoreModManager.loadCoreMod(CoreModManager.java:430) ~[cauldron-1.7.10-1.1240.06.213-server.jar:git-Cauldron-MCPC-Plus-1.7.10-1.1240.06.213]
	at cpw.mods.fml.relauncher.CoreModManager.discoverCoreMods(CoreModManager.java:359) ~[cauldron-1.7.10-1.1240.06.213-server.jar:git-Cauldron-MCPC-Plus-1.7.10-1.1240.06.213]
	at cpw.mods.fml.relauncher.CoreModManager.handleLaunch(CoreModManager.java:217) ~[cauldron-1.7.10-1.1240.06.213-server.jar:git-Cauldron-MCPC-Plus-1.7.10-1.1240.06.213]
	at cpw.mods.fml.relauncher.FMLLaunchHandler.setupHome(FMLLaunchHandler.java:90) [cauldron-1.7.10-1.1240.06.213-server.jar:git-Cauldron-MCPC-Plus-1.7.10-1.1240.06.213]
	at cpw.mods.fml.relauncher.FMLLaunchHandler.setupServer(FMLLaunchHandler.java:74) [cauldron-1.7.10-1.1240.06.213-server.jar:git-Cauldron-MCPC-Plus-1.7.10-1.1240.06.213]
	at cpw.mods.fml.relauncher.FMLLaunchHandler.configureForServerLaunch(FMLLaunchHandler.java:39) [cauldron-1.7.10-1.1240.06.213-server.jar:git-Cauldron-MCPC-Plus-1.7.10-1.1240.06.213]
	at cpw.mods.fml.common.launcher.FMLServerTweaker.injectIntoClassLoader(FMLServerTweaker.java:23) [cauldron-1.7.10-1.1240.06.213-server.jar:git-Cauldron-MCPC-Plus-1.7.10-1.1240.06.213]
	at net.minecraft.launchwrapper.Launch.launch(Launch.java:115) [launchwrapper-1.11.jar:?]
	at net.minecraft.launchwrapper.Launch.main(Launch.java:28) [launchwrapper-1.11.jar:?]
	at sun.reflect.NativeMethodAccessorImpl.invoke0(Native Method) ~[?:1.8.0_25]
	at sun.reflect.NativeMethodAccessorImpl.invoke(Unknown Source) ~[?:1.8.0_25]
	at sun.reflect.DelegatingMethodAccessorImpl.invoke(Unknown Source) ~[?:1.8.0_25]
	at java.lang.reflect.Method.invoke(Unknown Source) ~[?:1.8.0_25]
	at cpw.mods.fml.relauncher.ServerLaunchWrapper.run(ServerLaunchWrapper.java:43) [cauldron-1.7.10-1.1240.06.213-server.jar:git-Cauldron-MCPC-Plus-1.7.10-1.1240.06.213]
	at cpw.mods.fml.relauncher.ServerLaunchWrapper.main(ServerLaunchWrapper.java:12) [cauldron-1.7.10-1.1240.06.213-server.jar:git-Cauldron-MCPC-Plus-1.7.10-1.1240.06.213]
Caused by: java.lang.ClassNotFoundException: net.minecraftforge.fml.relauncher.IFMLLoadingPlugin
	at net.minecraft.launchwrapper.LaunchClassLoader.findClass(LaunchClassLoader.java:191) ~[launchwrapper-1.11.jar:?]
	at java.lang.ClassLoader.loadClass(Unknown Source) ~[?:1.8.0_25]
	at java.lang.ClassLoader.loadClass(Unknown Source) ~[?:1.8.0_25]
	... 29 more
Caused by: java.lang.NullPointerException
	at net.minecraft.launchwrapper.LaunchClassLoader.findClass(LaunchClassLoader.java:182) ~[launchwrapper-1.11.jar:?]
	at java.lang.ClassLoader.loadClass(Unknown Source) ~[?:1.8.0_25]
	at java.lang.ClassLoader.loadClass(Unknown Source) ~[?:1.8.0_25]
	... 29 more
[18:50:15] [main/INFO] [STDERR/]: [java.lang.Throwable$WrappedPrintStream:println:-1]: java.lang.reflect.InvocationTargetException
[18:50:15] [main/INFO] [STDERR/]: [java.lang.Throwable$WrappedPrintStream:println:-1]: 	at sun.reflect.NativeMethodAccessorImpl.invoke0(Native Method)
[18:50:15] [main/INFO] [STDERR/]: [java.lang.Throwable$WrappedPrintStream:println:-1]: 	at sun.reflect.NativeMethodAccessorImpl.invoke(Unknown Source)
[18:50:15] [main/INFO] [STDERR/]: [java.lang.Throwable$WrappedPrintStream:println:-1]: 	at sun.reflect.DelegatingMethodAccessorImpl.invoke(Unknown Source)
[18:50:15] [main/INFO] [STDERR/]: [java.lang.Throwable$WrappedPrintStream:println:-1]: 	at java.lang.reflect.Method.invoke(Unknown Source)
[18:50:15] [main/INFO] [STDERR/]: [java.lang.Throwable$WrappedPrintStream:println:-1]: 	at cpw.mods.fml.relauncher.ServerLaunchWrapper.run(ServerLaunchWrapper.java:43)
[18:50:15] [main/INFO] [STDERR/]: [java.lang.Throwable$WrappedPrintStream:println:-1]: 	at cpw.mods.fml.relauncher.ServerLaunchWrapper.main(ServerLaunchWrapper.java:12)
[18:50:15] [main/INFO] [STDERR/]: [java.lang.Throwable$WrappedPrintStream:println:-1]: Caused by: java.lang.NoClassDefFoundError: net/minecraftforge/fml/relauncher/IFMLLoadingPlugin
[18:50:15] [main/INFO] [STDERR/]: [java.lang.Throwable$WrappedPrintStream:println:-1]: 	at java.lang.ClassLoader.defineClass1(Native Method)
[18:50:15] [main/INFO] [STDERR/]: [java.lang.Throwable$WrappedPrintStream:println:-1]: 	at java.lang.ClassLoader.defineClass(Unknown Source)
[18:50:15] [main/INFO] [STDERR/]: [java.lang.Throwable$WrappedPrintStream:println:-1]: 	at java.security.SecureClassLoader.defineClass(Unknown Source)
[18:50:15] [main/INFO] [STDERR/]: [java.lang.Throwable$WrappedPrintStream:println:-1]: 	at java.net.URLClassLoader.defineClass(Unknown Source)
[18:50:15] [main/INFO] [STDERR/]: [java.lang.Throwable$WrappedPrintStream:println:-1]: 	at java.net.URLClassLoader.access$100(Unknown Source)
[18:50:15] [main/INFO] [STDERR/]: [java.lang.Throwable$WrappedPrintStream:println:-1]: 	at java.net.URLClassLoader$1.run(Unknown Source)
[18:50:15] [main/INFO] [STDERR/]: [java.lang.Throwable$WrappedPrintStream:println:-1]: 	at java.net.URLClassLoader$1.run(Unknown Source)
[18:50:15] [main/INFO] [STDERR/]: [java.lang.Throwable$WrappedPrintStream:println:-1]: 	at java.security.AccessController.doPrivileged(Native Method)
[18:50:15] [main/INFO] [STDERR/]: [java.lang.Throwable$WrappedPrintStream:println:-1]: 	at java.net.URLClassLoader.findClass(Unknown Source)
[18:50:15] [main/INFO] [STDERR/]: [java.lang.Throwable$WrappedPrintStream:println:-1]: 	at net.minecraft.launchwrapper.LaunchClassLoader.findClass(LaunchClassLoader.java:117)
[18:50:15] [main/INFO] [STDERR/]: [java.lang.Throwable$WrappedPrintStream:println:-1]: 	at java.lang.ClassLoader.loadClass(Unknown Source)
[18:50:15] [main/INFO] [STDERR/]: [java.lang.Throwable$WrappedPrintStream:println:-1]: 	at java.lang.ClassLoader.loadClass(Unknown Source)
[18:50:15] [main/INFO] [STDERR/]: [java.lang.Throwable$WrappedPrintStream:println:-1]: 	at java.lang.Class.forName0(Native Method)
[18:50:15] [main/INFO] [STDERR/]: [java.lang.Throwable$WrappedPrintStream:println:-1]: 	at java.lang.Class.forName(Unknown Source)
[18:50:15] [main/INFO] [STDERR/]: [java.lang.Throwable$WrappedPrintStream:println:-1]: 	at cpw.mods.fml.relauncher.CoreModManager.loadCoreMod(CoreModManager.java:430)
[18:50:15] [main/INFO] [STDERR/]: [java.lang.Throwable$WrappedPrintStream:println:-1]: 	at cpw.mods.fml.relauncher.CoreModManager.discoverCoreMods(CoreModManager.java:359)
[18:50:15] [main/INFO] [STDERR/]: [java.lang.Throwable$WrappedPrintStream:println:-1]: 	at cpw.mods.fml.relauncher.CoreModManager.handleLaunch(CoreModManager.java:217)
[18:50:15] [main/INFO] [STDERR/]: [java.lang.Throwable$WrappedPrintStream:println:-1]: 	at cpw.mods.fml.relauncher.FMLLaunchHandler.setupHome(FMLLaunchHandler.java:90)
[18:50:15] [main/INFO] [STDERR/]: [java.lang.Throwable$WrappedPrintStream:println:-1]: 	at cpw.mods.fml.relauncher.FMLLaunchHandler.setupServer(FMLLaunchHandler.java:74)
[18:50:15] [main/INFO] [STDERR/]: [java.lang.Throwable$WrappedPrintStream:println:-1]: 	at cpw.mods.fml.relauncher.FMLLaunchHandler.configureForServerLaunch(FMLLaunchHandler.java:39)
[18:50:15] [main/INFO] [STDERR/]: [java.lang.Throwable$WrappedPrintStream:println:-1]: 	at cpw.mods.fml.common.launcher.FMLServerTweaker.injectIntoClassLoader(FMLServerTweaker.java:23)
[18:50:15] [main/INFO] [STDERR/]: [java.lang.Throwable$WrappedPrintStream:println:-1]: 	at net.minecraft.launchwrapper.Launch.launch(Launch.java:115)
[18:50:15] [main/INFO] [STDERR/]: [java.lang.Throwable$WrappedPrintStream:println:-1]: 	at net.minecraft.launchwrapper.Launch.main(Launch.java:28)
[18:50:15] [main/INFO] [STDERR/]: [java.lang.Throwable$WrappedPrintStream:println:-1]: 	... 6 more
[18:50:15] [main/INFO] [STDERR/]: [java.lang.Throwable$WrappedPrintStream:println:-1]: Caused by: java.lang.ClassNotFoundException: net.minecraftforge.fml.relauncher.IFMLLoadingPlugin
[18:50:15] [main/INFO] [STDERR/]: [java.lang.Throwable$WrappedPrintStream:println:-1]: 	at net.minecraft.launchwrapper.LaunchClassLoader.findClass(LaunchClassLoader.java:191)
[18:50:15] [main/INFO] [STDERR/]: [java.lang.Throwable$WrappedPrintStream:println:-1]: 	at java.lang.ClassLoader.loadClass(Unknown Source)
[18:50:15] [main/INFO] [STDERR/]: [java.lang.Throwable$WrappedPrintStream:println:-1]: 	at java.lang.ClassLoader.loadClass(Unknown Source)
[18:50:15] [main/INFO] [STDERR/]: [java.lang.Throwable$WrappedPrintStream:println:-1]: 	... 29 more
[18:50:15] [main/INFO] [STDERR/]: [java.lang.Throwable$WrappedPrintStream:println:-1]: Caused by: java.lang.NullPointerException
[18:50:15] [main/INFO] [STDERR/]: [java.lang.Throwable$WrappedPrintStream:println:-1]: 	at net.minecraft.launchwrapper.LaunchClassLoader.findClass(LaunchClassLoader.java:182)
[18:50:15] [main/INFO] [STDERR/]: [java.lang.Throwable$WrappedPrintStream:println:-1]: 	... 31 more
